iClub2.2/app/seeds.txt
com.jeremy.Customer.HomeActivity
com.jeremy.Customer.HomeActivity: HomeActivity()
com.jeremy.Customer.PagesActivity
com.jeremy.Customer.PagesActivity: PagesActivity()
com.jeremy.Customer.PagesActivity: void onClick(android.view.View)
com.jeremy.Customer.R$anim: int abc_fade_in
com.jeremy.Customer.R$anim: int abc_fade_out
com.jeremy.Customer.R$anim: int abc_grow_fade_in_from_bottom
com.jeremy.Customer.R$anim: int abc_popup_enter
com.jeremy.Customer.R$anim: int abc_popup_exit
com.jeremy.Customer.R$anim: int abc_shrink_fade_out_from_bottom
com.jeremy.Customer.R$anim: int abc_slide_in_bottom
com.jeremy.Customer.R$anim: int abc_slide_in_top
com.jeremy.Customer.R$anim: int abc_slide_out_bottom
com.jeremy.Customer.R$anim: int abc_slide_out_top
com.jeremy.Customer.R$anim: int activity_spaceimage_detail
com.jeremy.Customer.R$anim: int alpthe
com.jeremy.Customer.R$anim: int fade_in_center
com.jeremy.Customer.R$anim: int fade_out_center
com.jeremy.Customer.R$anim: int loading
com.jeremy.Customer.R$anim: int loading_animation
com.jeremy.Customer.R$anim: int music_in
com.jeremy.Customer.R$anim: int music_out
com.jeremy.Customer.R$anim: int out_to_not
com.jeremy.Customer.R$anim: int pages_out
com.jeremy.Customer.R$anim: int photo_dialog_in_anim
com.jeremy.Customer.R$anim: int photo_dialog_out_anim
com.jeremy.Customer.R$anim: int slide_in_bottom
com.jeremy.Customer.R$anim: int slide_in_from_bottom
com.jeremy.Customer.R$anim: int slide_in_from_top
com.jeremy.Customer.R$anim: int slide_out_bottom
com.jeremy.Customer.R$anim: int slide_out_to_bottom
com.jeremy.Customer.R$anim: int slide_out_to_top
com.jeremy.Customer.R$anim: int spaceimagedetail_in
com.jeremy.Customer.R$anim: int spaceimagedetail_out
com.jeremy.Customer.R$attr: int actionBarDivider
com.jeremy.Customer.R$attr: int actionBarItemBackground
com.jeremy.Customer.R$attr: int actionBarPopupTheme
com.jeremy.Customer.R$attr: int actionBarSize
com.jeremy.Customer.R$attr: int actionBarSplitStyle
com.jeremy.Customer.R$attr: int actionBarStyle
com.jeremy.Customer.R$attr: int actionBarTabBarStyle
com.jeremy.Customer.R$attr: int actionBarTabStyle
com.jeremy.Customer.R$attr: int actionBarTabTextStyle
com.jeremy.Customer.R$attr: int actionBarTheme
com.jeremy.Customer.R$attr: int actionBarWidgetTheme
com.jeremy.Customer.R$attr: int actionButtonStyle
com.jeremy.Customer.R$attr: int actionDropDownStyle
com.jeremy.Customer.R$attr: int actionLayout
com.jeremy.Customer.R$attr: int actionMenuTextAppearance
com.jeremy.Customer.R$attr: int actionMenuTextColor
com.jeremy.Customer.R$attr: int actionModeBackground
com.jeremy.Customer.R$attr: int actionModeCloseButtonStyle
com.jeremy.Customer.R$attr: int actionModeCloseDrawable
com.jeremy.Customer.R$attr: int actionModeCopyDrawable
com.jeremy.Customer.R$attr: int actionModeCutDrawable
com.jeremy.Customer.R$attr: int actionModeFindDrawable
com.jeremy.Customer.R$attr: int actionModePasteDrawable
com.jeremy.Customer.R$attr: int actionModePopupWindowStyle
com.jeremy.Customer.R$attr: int actionModeSelectAllDrawable
com.jeremy.Customer.R$attr: int actionModeShareDrawable
com.jeremy.Customer.R$attr: int actionModeSplitBackground
com.jeremy.Customer.R$attr: int actionModeStyle
...
com.alibaba.fastjson.annotation.JSONType
com.alibaba.fastjson.annotation.JSONType: boolean asm()
com.alibaba.fastjson.annotation.JSONType: java.lang.String[] orders()
com.alibaba.fastjson.annotation.JSONType: java.lang.String[] ignores()
com.alibaba.fastjson.annotation.JSONType: com.alibaba.fastjson.serializer.SerializerFeature[] serialzeFeatures()
com.alibaba.fastjson.annotation.JSONType: com.alibaba.fastjson.parser.Feature[] parseFeatures()
com.alibaba.fastjson.annotation.JSONType: boolean alphabetic()
com.alibaba.fastjson.annotation.JSONType: java.lang.Class mappingTo()
com.alibaba.fastjson.parser.AbstractJSONParser
com.alibaba.fastjson.parser.AbstractJSONParser: AbstractJSONParser()
com.alibaba.fastjson.parser.DefaultJSONParser
com.alibaba.fastjson.parser.DefaultJSONParser: java.lang.Object input
com.alibaba.fastjson.parser.DefaultJSONParser: com.alibaba.fastjson.parser.SymbolTable symbolTable
com.alibaba.fastjson.parser.DefaultJSONParser: com.alibaba.fastjson.parser.ParserConfig config
com.alibaba.fastjson.parser.DefaultJSONParser: java.util.Set primitiveClasses
com.alibaba.fastjson.parser.DefaultJSONParser: java.lang.String dateFormatPattern
com.alibaba.fastjson.parser.DefaultJSONParser: java.text.DateFormat dateFormat
com.alibaba.fastjson.parser.DefaultJSONParser: com.alibaba.fastjson.parser.JSONLexer lexer
com.alibaba.fastjson.parser.DefaultJSONParser: com.alibaba.fastjson.parser.ParseContext context
com.alibaba.fastjson.parser.DefaultJSONParser: com.alibaba.fastjson.parser.ParseContext[] contextArray
com.alibaba.fastjson.parser.DefaultJSONParser: int contextArrayIndex
com.alibaba.fastjson.parser.DefaultJSONParser: java.util.List resolveTaskList
com.alibaba.fastjson.parser.DefaultJSONParser: int NONE
com.alibaba.fastjson.parser.DefaultJSONParser: int NeedToResolve
com.alibaba.fastjson.parser.DefaultJSONParser: int TypeNameRedirect
com.alibaba.fastjson.parser.DefaultJSONParser: int resolveStatus
com.alibaba.fastjson.parser.DefaultJSONParser: java.util.List extraTypeProviders
com.alibaba.fastjson.parser.DefaultJSONParser: java.util.List extraProcessors
com.alibaba.fastjson.parser.DefaultJSONParser: java.lang.String getDateFomartPattern()
com.alibaba.fastjson.parser.DefaultJSONParser$ResolveTask
com.alibaba.fastjson.parser.DefaultJSONParser$ResolveTask: com.alibaba.fastjson.parser.ParseContext context
com.alibaba.fastjson.parser.DefaultJSONParser$ResolveTask: java.lang.String referenceValue
com.alibaba.fastjson.parser.DefaultJSONParser$ResolveTask: com.alibaba.fastjson.parser.deserializer.FieldDeserializer fieldDeserializer
com.alibaba.fastjson.parser.DefaultJSONParser$ResolveTask: com.alibaba.fastjson.parser.ParseContext ownerContext
com.alibaba.fastjson.parser.DefaultJSONParser$ResolveTask: DefaultJSONParser$ResolveTask(com.alibaba.fastjson.parser.ParseContext,java.lang.String)
com.alibaba.fastjson.parser.DefaultJSONParser$ResolveTask: com.alibaba.fastjson.parser.ParseContext getContext()
com.alibaba.fastjson.parser.DefaultJSONParser$ResolveTask: java.lang.String getReferenceValue()
com.alibaba.fastjson.parser.DefaultJSONParser$ResolveTask: com.alibaba.fastjson.parser.deserializer.FieldDeserializer getFieldDeserializer()
com.alibaba.fastjson.parser.DefaultJSONParser$ResolveTask: void setFieldDeserializer(com.alibaba.fastjson.parser.deserializer.FieldDeserializer)
com.alibaba.fastjson.parser.DefaultJSONParser$ResolveTask: com.alibaba.fastjson.parser.ParseContext getOwnerContext()
com.alibaba.fastjson.parser.DefaultJSONParser$ResolveTask: void setOwnerContext(com.alibaba.fastjson.parser.ParseContext)