iClub2.2/app/mapping.txt
com.jeremy.Customer.BuildConfig -> com.jeremy.Customer.a:
    boolean DEBUG -> a
    java.lang.String APPLICATION_ID -> b
    java.lang.String BUILD_TYPE -> c
    java.lang.String FLAVOR -> d
    int VERSION_CODE -> e
    java.lang.String VERSION_NAME -> f
com.jeremy.Customer.HomeActivity -> com.jeremy.Customer.HomeActivity:
    java.util.ArrayList fragments -> p
    android.widget.RadioGroup homeRG -> q
    java.lang.Boolean isFirstIn -> m
    long mExitTime -> r
    com.jeremy.Customer.bean.LoadingDialog loadingDialog -> s
    java.util.Timer timer -> n
    java.util.TimerTask task -> o
    com.jeremy.Customer.bean.MyDialog dialog2 -> t
    40:53:void onCreate(android.os.Bundle) -> onCreate
    56:69:int getStatusBarHeight(android.content.Context) -> a
    74:85:void startPage() -> p
    115:125:void dialog() -> q
    128:132:void init() -> r
    135:137:void intiRadioGroup() -> s
    140:144:void addFragment() -> t
    147:158:boolean onKeyDown(int,android.view.KeyEvent) -> onKeyDown
    30:30:com.jeremy.Customer.bean.LoadingDialog access$000(com.jeremy.Customer.HomeActivity) -> a
    30:30:com.jeremy.Customer.bean.MyDialog access$100(com.jeremy.Customer.HomeActivity) -> b
com.jeremy.Customer.HomeActivity$1 -> com.jeremy.Customer.b:
    com.jeremy.Customer.HomeActivity this$0 -> a
    90:109:void run() -> run
com.jeremy.Customer.HomeActivity$1$1 -> com.jeremy.Customer.c:
    com.jeremy.Customer.HomeActivity$1 this$1 -> a
    94:107:void run() -> run
com.jeremy.Customer.HomeActivity$2 -> com.jeremy.Customer.d:
    com.jeremy.Customer.HomeActivity this$0 -> a
    120:121:void onClick(android.view.View) -> onClick
com.jeremy.Customer.PagesActivity -> com.jeremy.Customer.PagesActivity:
    android.support.v4.view.ViewPager vp -> m
    com.jeremy.Customer.adapter.ViewPagerAdapter vpAdapter -> n
    java.util.List views -> o
    android.widget.ImageButton experience_immediately -> p
    android.content.SharedPreferences$Editor editor -> q
    int[] pics -> r
    android.widget.ImageView[] dots -> s
    int currentIndex -> t
    40:75:void onCreate(android.os.Bundle) -> onCreate
    78:92:void initDots() -> q
    99:104:void setCurView(int) -> d
    111:119:void setCurDot(int) -> e
    126:126:void onPageScrollStateChanged(int) -> onPageScrollStateChanged
    133:133:void onPageScrolled(int,float,int) -> onPageScrolled
    139:145:void onPageSelected(int) -> onPageSelected
    149:152:void onClick(android.view.View) -> onClick
    154:160:void inti() -> p
com.jeremy.Customer.PagesActivity$1 -> com.jeremy.Customer.e:
    com.jeremy.Customer.PagesActivity this$0 -> a
    48:49:void onClick(android.view.View) -> onClick
com.jeremy.Customer.R -> com.jeremy.Customer.f:
...
android.support.v7.internal.widget.ToolbarWidgetWrapper$3 -> android.support.v7.internal.widget.al:
    android.support.v7.internal.widget.ToolbarWidgetWrapper this$0 -> a
    623:624:void onAnimationStart(android.view.View) -> a
android.support.v7.internal.widget.ViewStubCompat -> android.support.v7.internal.widget.ViewStubCompat:
    int mLayoutResource -> a
    int mInflatedId -> b
    java.lang.ref.WeakReference mInflatedViewRef -> c
    android.view.LayoutInflater mInflater -> d
    android.support.v7.internal.widget.ViewStubCompat$OnInflateListener mInflateListener -> e
    78:78:int getInflatedId() -> getInflatedId
    92:93:void setInflatedId(int) -> setInflatedId
    108:108:int getLayoutResource() -> getLayoutResource
    124:125:void setLayoutResource(int) -> setLayoutResource
    132:133:void setLayoutInflater(android.view.LayoutInflater) -> setLayoutInflater
    139:139:android.view.LayoutInflater getLayoutInflater() -> getLayoutInflater
    144:145:void onMeasure(int,int) -> onMeasure
    149:149:void draw(android.graphics.Canvas) -> draw
    153:153:void dispatchDraw(android.graphics.Canvas) -> dispatchDraw
    167:180:void setVisibility(int) -> setVisibility
    190:229:android.view.View inflate() -> a
    242:243:void setOnInflateListener(android.support.v7.internal.widget.ViewStubCompat$OnInflateListener) -> setOnInflateListener
android.support.v7.internal.widget.ViewStubCompat$OnInflateListener -> android.support.v7.internal.widget.ViewStubCompat$a:
    void onInflate(android.support.v7.internal.widget.ViewStubCompat,android.view.View) -> a
android.support.v7.internal.widget.ViewUtils -> android.support.v7.internal.widget.am:
    java.lang.String TAG -> a
    java.lang.reflect.Method sComputeFitSystemWindowsMethod -> b
    58:58:boolean isLayoutRtl(android.view.View) -> a
    70:70:int combineMeasuredStates(int,int) -> a
    78:85:void computeFitSystemWindows(android.view.View,android.graphics.Rect,android.graphics.Rect) -> a
    92:109:void makeOptionalFitsSystemWindows(android.view.View) -> b
    116:138:android.content.Context themifyContext(android.content.Context,android.util.AttributeSet,boolean,boolean) -> a
android.support.v7.view.ActionMode -> android.support.v7.c.a:
    java.lang.Object mTag -> a
    boolean mTitleOptionalHint -> b
    53:54:void setTag(java.lang.Object) -> a
    67:67:java.lang.Object getTag() -> j
    void setTitle(java.lang.CharSequence) -> b
    void setTitle(int) -> a
    void setSubtitle(java.lang.CharSequence) -> a
    void setSubtitle(int) -> b
    130:131:void setTitleOptionalHint(boolean) -> a
    141:141:boolean getTitleOptionalHint() -> k
    149:149:boolean isTitleOptional() -> h
    void setCustomView(android.view.View) -> a
    void invalidate() -> d
    void finish() -> c
    android.view.Menu getMenu() -> b
    java.lang.CharSequence getTitle() -> f
    java.lang.CharSequence getSubtitle() -> g
    android.view.View getCustomView() -> i
    android.view.MenuInflater getMenuInflater() -> a
    220:220:boolean isUiFocusable() -> c_
android.support.v7.view.ActionMode$Callback -> android.support.v7.c.a$a:
    boolean onCreateActionMode(android.support.v7.view.ActionMode,android.view.Menu) -> a
    boolean onPrepareActionMode(android.support.v7.view.ActionMode,android.view.Menu) -> b
    boolean onActionItemClicked(android.support.v7.view.ActionMode,android.view.MenuItem) -> a
    void onDestroyActionMode(android.support.v7.view.ActionMode) -> a
android.support.v7.view.CollapsibleActionView -> android.support.v7.c.b:
    void onActionViewExpanded() -> a
    void onActionViewCollapsed() -> b